0 info it worked if it ends with ok
1 verbose cli [ '/usr/local/bin/node',
1 verbose cli   '/usr/local/bin/npm',
1 verbose cli   'install',
1 verbose cli   'jekyll-bower',
1 verbose cli   '--save' ]
2 info using npm@2.15.9
3 info using node@v4.6.0
4 verbose install initial load of /Users/harvey/Documents/mdc-website-quinn/package.json
5 verbose installManyTop reading scoped package data from /Users/harvey/Documents/mdc-website-quinn/node_modules/browser-sync/package.json
6 verbose installManyTop reading scoped package data from /Users/harvey/Documents/mdc-website-quinn/node_modules/fish/package.json
7 verbose installManyTop reading scoped package data from /Users/harvey/Documents/mdc-website-quinn/node_modules/gulp/package.json
8 verbose installManyTop reading scoped package data from /Users/harvey/Documents/mdc-website-quinn/node_modules/gulp-autoprefixer/package.json
9 verbose installManyTop reading scoped package data from /Users/harvey/Documents/mdc-website-quinn/node_modules/gulp-jade/package.json
10 verbose installManyTop reading scoped package data from /Users/harvey/Documents/mdc-website-quinn/node_modules/gulp-prettify/package.json
11 verbose installManyTop reading scoped package data from /Users/harvey/Documents/mdc-website-quinn/node_modules/gulp-pug/package.json
12 verbose installManyTop reading scoped package data from /Users/harvey/Documents/mdc-website-quinn/node_modules/gulp-sass/package.json
13 info package.json browser-sync@1.9.2 No license field.
14 info package.json fish@0.0.0 No README data
15 info package.json fish@0.0.0 No license field.
16 verbose readDependencies loading dependencies from /Users/harvey/Documents/mdc-website-quinn/package.json
17 silly cache add args [ 'jekyll-bower', null ]
18 verbose cache add spec jekyll-bower
19 silly cache add parsed spec Result {
19 silly cache add   raw: 'jekyll-bower',
19 silly cache add   scope: null,
19 silly cache add   name: 'jekyll-bower',
19 silly cache add   rawSpec: '',
19 silly cache add   spec: 'latest',
19 silly cache add   type: 'tag' }
20 silly addNamed jekyll-bower@latest
21 verbose addNamed "latest" is being treated as a dist-tag for jekyll-bower
22 info addNameTag [ 'jekyll-bower', 'latest' ]
23 silly mapToRegistry name jekyll-bower
24 silly mapToRegistry using default registry
25 silly mapToRegistry registry https://registry.npmjs.org/
26 silly mapToRegistry data Result {
26 silly mapToRegistry   raw: 'jekyll-bower',
26 silly mapToRegistry   scope: null,
26 silly mapToRegistry   name: 'jekyll-bower',
26 silly mapToRegistry   rawSpec: '',
26 silly mapToRegistry   spec: 'latest',
26 silly mapToRegistry   type: 'tag' }
27 silly mapToRegistry uri https://registry.npmjs.org/jekyll-bower
28 verbose addNameTag registry:https://registry.npmjs.org/jekyll-bower not in flight; fetching
29 verbose request uri https://registry.npmjs.org/jekyll-bower
30 verbose request no auth needed
31 info attempt registry request try #1 at 11:57:39 PM
32 verbose request id 3d21d7593859e1c0
33 http request GET https://registry.npmjs.org/jekyll-bower
34 http 404 https://registry.npmjs.org/jekyll-bower
35 verbose headers { 'content-type': 'application/json',
35 verbose headers   'cache-control': 'max-age=0',
35 verbose headers   'content-length': '2',
35 verbose headers   'accept-ranges': 'bytes',
35 verbose headers   date: 'Sun, 12 Feb 2017 07:57:39 GMT',
35 verbose headers   via: '1.1 varnish',
35 verbose headers   age: '0',
35 verbose headers   connection: 'keep-alive',
35 verbose headers   'x-served-by': 'cache-lax8620-LAX',
35 verbose headers   'x-cache': 'MISS',
35 verbose headers   'x-cache-hits': '0',
35 verbose headers   'x-timer': 'S1486886259.308304,VS0,VE353',
35 verbose headers   vary: 'Accept-Encoding' }
36 silly get cb [ 404,
36 silly get   { 'content-type': 'application/json',
36 silly get     'cache-control': 'max-age=0',
36 silly get     'content-length': '2',
36 silly get     'accept-ranges': 'bytes',
36 silly get     date: 'Sun, 12 Feb 2017 07:57:39 GMT',
36 silly get     via: '1.1 varnish',
36 silly get     age: '0',
36 silly get     connection: 'keep-alive',
36 silly get     'x-served-by': 'cache-lax8620-LAX',
36 silly get     'x-cache': 'MISS',
36 silly get     'x-cache-hits': '0',
36 silly get     'x-timer': 'S1486886259.308304,VS0,VE353',
36 silly get     vary: 'Accept-Encoding' } ]
37 verbose stack Error: Registry returned 404 for GET on https://registry.npmjs.org/jekyll-bower
37 verbose stack     at makeError (/usr/local/lib/node_modules/npm/node_modules/npm-registry-client/lib/request.js:264:12)
37 verbose stack     at CachingRegistryClient.<anonymous> (/usr/local/lib/node_modules/npm/node_modules/npm-registry-client/lib/request.js:242:14)
37 verbose stack     at Request._callback (/usr/local/lib/node_modules/npm/node_modules/npm-registry-client/lib/request.js:172:14)
37 verbose stack     at Request.self.callback (/usr/local/lib/node_modules/npm/node_modules/request/request.js:200:22)
37 verbose stack     at emitTwo (events.js:87:13)
37 verbose stack     at Request.emit (events.js:172:7)
37 verbose stack     at Request.<anonymous> (/usr/local/lib/node_modules/npm/node_modules/request/request.js:1067:10)
37 verbose stack     at emitOne (events.js:82:20)
37 verbose stack     at Request.emit (events.js:169:7)
37 verbose stack     at IncomingMessage.<anonymous> (/usr/local/lib/node_modules/npm/node_modules/request/request.js:988:12)
38 verbose statusCode 404
39 verbose pkgid jekyll-bower
40 verbose cwd /Users/harvey/Documents/mdc-website-quinn
41 error Darwin 16.4.0
42 error argv "/usr/local/bin/node" "/usr/local/bin/npm" "install" "jekyll-bower" "--save"
43 error node v4.6.0
44 error npm  v2.15.9
45 error code E404
46 error 404 Registry returned 404 for GET on https://registry.npmjs.org/jekyll-bower
46 error 404
46 error 404 'jekyll-bower' is not in the npm registry.
46 error 404 You should bug the author to publish it (or use the name yourself!)
46 error 404 It was specified as a dependency of 'browser-sync-jekyll'
46 error 404
46 error 404 Note that you can also install from a
46 error 404 tarball, folder, http url, or git url.
47 verbose exit [ 1, true ]
